mobile-DARTS/app/build/intermediates/manifest_merge_blame_file/debug/manifest-merger-blame-debug-report.txt
1<?xml version="1.0" encoding="utf-8"?>
2<manifest xmlns:android="http://schemas.android.com/apk/res/android"
3    package="projet.lasalle84.darts"
4    android:versionCode="1"
5    android:versionName="1.0" >
6
7    <uses-sdk
8        android:minSdkVersion="24"
8-->src/main/AndroidManifest.xml
9        android:targetSdkVersion="29" />
9-->src/main/AndroidManifest.xml
10
11    <uses-permission android:name="android.permission.BLUETOOTH" />
11-->src/main/AndroidManifest.xml:5:5-67
11-->src/main/AndroidManifest.xml:5:22-65
12    <uses-permission android:name="android.permission.BLUETOOTH_ADMIN" />
12-->src/main/AndroidManifest.xml:6:5-73
12-->src/main/AndroidManifest.xml:6:22-71
13
14    <application
14-->src/main/AndroidManifest.xml:8:5-25:19
15        android:allowBackup="true"
15-->src/main/AndroidManifest.xml:9:9-35
16        android:appComponentFactory="androidx.core.app.CoreComponentFactory"
16-->[androidx.core:core:1.0.1] AndroidManifest.xml:22:18-86
17        android:debuggable="true"
18        android:icon="@mipmap/ic_launcher"
18-->src/main/AndroidManifest.xml:10:9-43
19        android:label="@string/app_name"
19-->src/main/AndroidManifest.xml:11:9-41
20        android:roundIcon="@mipmap/ic_launcher_round"
20-->src/main/AndroidManifest.xml:12:9-54
21        android:supportsRtl="true"
21-->src/main/AndroidManifest.xml:13:9-35
22        android:theme="@style/AppTheme" >
22-->src/main/AndroidManifest.xml:14:9-40
23        <activity android:name="projet.lasalle84.darts.ActiviteCreerPartie" />
23-->src/main/AndroidManifest.xml:15:9-66
23-->src/main/AndroidManifest.xml:15:19-54
24        <activity android:name="projet.lasalle84.darts.ActiviteAjouterJoueur" />
24-->src/main/AndroidManifest.xml:16:9-59
24-->src/main/AndroidManifest.xml:16:19-56
25        <activity android:name="projet.lasalle84.darts.ActivitePartie" />
25-->src/main/AndroidManifest.xml:17:9-52
25-->src/main/AndroidManifest.xml:17:19-49
26        <activity android:name="projet.lasalle84.darts.MainActivity" >
26-->src/main/AndroidManifest.xml:18:9-24:20
26-->src/main/AndroidManifest.xml:18:19-47
27            <intent-filter>
27-->src/main/AndroidManifest.xml:19:13-23:29
28                <action android:name="android.intent.action.MAIN" />
28-->src/main/AndroidManifest.xml:20:17-69
28-->src/main/AndroidManifest.xml:20:25-66
29
30                <category android:name="android.intent.category.LAUNCHER" />
30-->src/main/AndroidManifest.xml:22:17-77
30-->src/main/AndroidManifest.xml:22:27-74
31            </intent-filter>
32        </activity>
33    </application>
34
35</manifest>